<?xml version="1.0" encoding="UTF-8"?>
<testng-results skipped="1" failed="0" total="1" passed="0">
  <reporter-output>
  </reporter-output>
  <suite name="Default suite" duration-ms="14122" started-at="2014-01-19T18:12:45Z" finished-at="2014-01-19T18:12:59Z">
    <groups>
    </groups>
    <test name="Default test" duration-ms="14122" started-at="2014-01-19T18:12:45Z" finished-at="2014-01-19T18:12:59Z">
      <class name="Pap_pal_using_webdriver_selenium.login_paypal_Firefox">
        <test-method status="FAIL" signature="launchFirefoxbrowser()[pri:0, instance:Pap_pal_using_webdriver_selenium.login_paypal_Firefox@5117f31e]" name="launchFirefoxbrowser" is-config="true" duration-ms="0" started-at="2014-01-19T10:12:45Z" finished-at="2014-01-19T10:12:45Z">
          <exception class="java.lang.NoClassDefFoundError">
            <message>
              <![CDATA[org/apache/commons/exec/Executor]]>
            </message>
            <full-stacktrace>
              <![CDATA[java.lang.NoClassDefFoundError: org/apache/commons/exec/Executor
	at org.openqa.selenium.os.CommandLine.<init>(CommandLine.java:47)
	at org.openqa.selenium.firefox.FirefoxBinary.startProfile(FirefoxBinary.java:96)
	at org.openqa.selenium.firefox.FirefoxBinary.clean(FirefoxBinary.java:226)
	at org.openqa.selenium.firefox.internal.NewProfileExtensionConnection.start(NewProfileExtensionConnection.java:79)
	at org.openqa.selenium.firefox.FirefoxDriver.startClient(FirefoxDriver.java:244)
	at org.openqa.selenium.remote.RemoteWebDriver.<init>(RemoteWebDriver.java:110)
	at org.openqa.selenium.firefox.FirefoxDriver.<init>(FirefoxDriver.java:190)
	at org.openqa.selenium.firefox.FirefoxDriver.<init>(FirefoxDriver.java:183)
	at org.openqa.selenium.firefox.FirefoxDriver.<init>(FirefoxDriver.java:179)
	at org.openqa.selenium.firefox.FirefoxDriver.<init>(FirefoxDriver.java:92)
	at Pap_pal_using_webdriver_selenium.seleniumTestCase.launchFirefoxbrowser(seleniumTestCase.java:14)
	at sun.reflect.NativeMethodAccessorImpl.invoke0(Native Method)
	at sun.reflect.NativeMethodAccessorImpl.invoke(NativeMethodAccessorImpl.java:39)
	at sun.reflect.DelegatingMethodAccessorImpl.invoke(DelegatingMethodAccessorImpl.java:25)
	at java.lang.reflect.Method.invoke(Method.java:597)
	at org.testng.internal.MethodInvocationHelper.invokeMethod(MethodInvocationHelper.java:84)
	at org.testng.internal.Invoker.invokeConfigurationMethod(Invoker.java:564)
	at org.testng.internal.Invoker.invokeConfigurations(Invoker.java:213)
	at org.testng.internal.Invoker.invokeMethod(Invoker.java:653)
	at org.testng.internal.Invoker.invokeTestMethod(Invoker.java:901)
	at org.testng.internal.Invoker.invokeTestMethods(Invoker.java:1231)
	at org.testng.internal.TestMethodWorker.invokeTestMethods(TestMethodWorker.java:127)
	at org.testng.internal.TestMethodWorker.run(TestMethodWorker.java:111)
	at org.testng.TestRunner.privateRun(TestRunner.java:767)
	at org.testng.TestRunner.run(TestRunner.java:617)
	at org.testng.SuiteRunner.runTest(SuiteRunner.java:334)
	at org.testng.SuiteRunner.runSequentially(SuiteRunner.java:329)
	at org.testng.SuiteRunner.privateRun(SuiteRunner.java:291)
	at org.testng.SuiteRunner.run(SuiteRunner.java:240)
	at org.testng.SuiteRunnerWorker.runSuite(SuiteRunnerWorker.java:52)
	at org.testng.SuiteRunnerWorker.run(SuiteRunnerWorker.java:86)
	at org.testng.TestNG.runSuitesSequentially(TestNG.java:1224)
	at org.testng.TestNG.runSuitesLocally(TestNG.java:1149)
	at org.testng.TestNG.run(TestNG.java:1057)
	at org.testng.remote.RemoteTestNG.run(RemoteTestNG.java:111)
	at org.testng.remote.RemoteTestNG.initAndRun(RemoteTestNG.java:204)
	at org.testng.remote.RemoteTestNG.main(RemoteTestNG.java:175)
Caused by: java.lang.ClassNotFoundException: org.apache.commons.exec.Executor
	at java.net.URLClassLoader$1.run(URLClassLoader.java:202)
	at java.security.AccessController.doPrivileged(Native Method)
	at java.net.URLClassLoader.findClass(URLClassLoader.java:190)
	at java.lang.ClassLoader.loadClass(ClassLoader.java:306)
	at sun.misc.Launcher$AppClassLoader.loadClass(Launcher.java:301)
	at java.lang.ClassLoader.loadClass(ClassLoader.java:247)
	... 37 more
]]>
            </full-stacktrace>
          </exception> <!-- java.lang.NoClassDefFoundError -->
          <reporter-output>
          </reporter-output>
        </test-method> <!-- launchFirefoxbrowser -->
        <test-method status="SKIP" signature="paypalseleniumtest()[pri:0, instance:Pap_pal_using_webdriver_selenium.login_paypal_Firefox@5117f31e]" name="paypalseleniumtest" duration-ms="1" started-at="2014-01-19T10:12:59Z" finished-at="2014-01-19T10:12:59Z">
          <reporter-output>
          </reporter-output>
        </test-method> <!-- paypalseleniumtest -->
        <test-method status="SKIP" signature="Closebrowser()[pri:0, instance:Pap_pal_using_webdriver_selenium.login_paypal_Firefox@5117f31e]" name="Closebrowser" is-config="true" duration-ms="0" started-at="2014-01-19T10:12:59Z" finished-at="2014-01-19T10:12:59Z">
          <reporter-output>
          </reporter-output>
        </test-method> <!-- Closebrowser -->
      </class> <!-- Pap_pal_using_webdriver_selenium.login_paypal_Firefox -->
    </test> <!-- Default test -->
  </suite> <!-- Default suite -->
</testng-results>
